<?xml version="1.0" encoding="UTF-8"?>
<!-- Generated by org.testng.reporters.JUnitReportReporter -->
<testsuite hostname="LAPTOP-DOBLN3AU" failures="0" tests="1" name="com.ninjademo.qa.tests.ShoppingCartTest" time="9.573" errors="0" timestamp="2023-10-05T18:14:13 IST" skipped="0">
  <testcase classname="com.ninjademo.qa.tests.ShoppingCartTest" name="AddtocartProduct1" time="9.573"/>
  <system-out/>
</testsuite> <!-- com.ninjademo.qa.tests.ShoppingCartTest -->
