<?xml version="1.0" encoding="UTF-8"?>
<!-- Generated by org.testng.reporters.JUnitReportReporter -->
<testsuite hostname="LAPTOP-DOBLN3AU" failures="0" tests="2" name="com.ninjademo.qa.tests.RegisterPageTest" time="18.914" errors="0" timestamp="2023-10-05T18:51:03 IST" skipped="0">
  <testcase classname="com.ninjademo.qa.tests.RegisterPageTest" name="RegisterUser" time="7.910"/>
  <system-out/>
  <testcase classname="com.ninjademo.qa.tests.RegisterPageTest" name="RegisterUser" time="11.004"/>
  <system-out/>
</testsuite> <!-- com.ninjademo.qa.tests.RegisterPageTest -->
