<?xml version="1.0" encoding="UTF-8"?>
<!-- Generated by org.testng.reporters.JUnitReportReporter -->
<testsuite hostname="LAPTOP-DOBLN3AU" failures="0" tests="3" name="com.ninjademo.qa.tests.LoginPageTest" time="26.894" errors="0" timestamp="2023-10-05T17:11:43 IST" skipped="0">
  <testcase classname="com.ninjademo.qa.tests.LoginPageTest" name="loginInvalidCredentials" time="6.819"/>
  <system-out/>
  <testcase classname="com.ninjademo.qa.tests.LoginPageTest" name="forgetpasswordtest" time="11.761"/>
  <system-out/>
  <testcase classname="com.ninjademo.qa.tests.LoginPageTest" name="loginValidCredentials" time="8.314"/>
  <system-out/>
</testsuite> <!-- com.ninjademo.qa.tests.LoginPageTest -->
