<?xml version="1.0" encoding="UTF-8"?>
<!-- Generated by org.testng.reporters.JUnitReportReporter -->
<testsuite hostname="LAPTOP-DOBLN3AU" failures="0" tests="1" name="com.ninjademo.qa.tests.ProductComaprePageTest" time="15.958" errors="0" timestamp="2023-10-05T17:45:16 IST" skipped="0">
  <testcase classname="com.ninjademo.qa.tests.ProductComaprePageTest" name="searchProduct" time="15.958"/>
  <system-out/>
</testsuite> <!-- com.ninjademo.qa.tests.ProductComaprePageTest -->
