<?xml version="1.0" encoding="UTF-8"?>
<!-- Generated by org.testng.reporters.JUnitReportReporter -->
<testsuite hostname="LAPTOP-DOBLN3AU" failures="0" tests="1" name="com.ninjademo.qa.tests.SearchPageTest" time="7.856" errors="0" timestamp="2023-10-05T17:36:16 IST" skipped="0">
  <testcase classname="com.ninjademo.qa.tests.SearchPageTest" name="searchentry" time="7.856"/>
  <system-out/>
</testsuite> <!-- com.ninjademo.qa.tests.SearchPageTest -->
