<?xml version="1.0" encoding="UTF-8"?>
<!-- Generated by org.testng.reporters.JUnitReportReporter -->
<testsuite hostname="LAPTOP-DOBLN3AU" failures="0" tests="1" name="com.ninjademo.qa.tests.ForgetPasswordPageTest" time="5.364" errors="0" timestamp="2023-10-09T17:16:09 IST" skipped="0">
  <testcase classname="com.ninjademo.qa.tests.ForgetPasswordPageTest" name="forgetpasswordCheck" time="5.364"/>
  <system-out/>
</testsuite> <!-- com.ninjademo.qa.tests.ForgetPasswordPageTest -->
