<?xml version="1.0" encoding="UTF-8"?>
<!-- Generated by org.testng.reporters.JUnitReportReporter -->
<testsuite hostname="LAPTOP-DOBLN3AU" failures="0" tests="1" name="com.ninjademo.qa.tests.ProductsPageTest" time="11.471" errors="0" timestamp="2023-10-05T17:40:45 IST" skipped="0">
  <testcase classname="com.ninjademo.qa.tests.ProductsPageTest" name="searchProduct" time="11.471"/>
  <system-out/>
</testsuite> <!-- com.ninjademo.qa.tests.ProductsPageTest -->
