<?xml version="1.0" encoding="UTF-8"?>
<!-- Generated by org.testng.reporters.JUnitReportReporter -->
<testsuite hostname="LAPTOP-DOBLN3AU" failures="0" tests="2" name="com.ninjademo.qa.tests.RegisterPageTest" time="10.570" errors="0" timestamp="2023-10-09T17:16:09 IST" skipped="0">
  <testcase classname="com.ninjademo.qa.tests.RegisterPageTest" name="RegisterUser" time="5.204"/>
  <system-out/>
  <testcase classname="com.ninjademo.qa.tests.RegisterPageTest" name="RegisterUser" time="5.366"/>
  <system-out/>
</testsuite> <!-- com.ninjademo.qa.tests.RegisterPageTest -->
