<?xml version="1.0" encoding="UTF-8"?>
<!-- Generated by org.testng.reporters.JUnitReportReporter -->
<testsuite hostname="LAPTOP-DOBLN3AU" failures="0" tests="2" name="com.ninjademo.qa.tests.RegisterPageTest" time="11.155" errors="0" timestamp="2023-10-09T17:26:06 IST" skipped="0">
  <testcase classname="com.ninjademo.qa.tests.RegisterPageTest" name="RegisterUser" time="5.277"/>
  <system-out/>
  <testcase classname="com.ninjademo.qa.tests.RegisterPageTest" name="RegisterUser" time="5.878"/>
  <system-out/>
</testsuite> <!-- com.ninjademo.qa.tests.RegisterPageTest -->
