<?xml version="1.0" encoding="UTF-8"?>
<!-- Generated by org.testng.reporters.JUnitReportReporter -->
<testsuite hostname="LAPTOP-DOBLN3AU" failures="0" tests="3" name="com.ninjademo.qa.tests.LoginPageTest" time="42.024" errors="0" timestamp="2023-10-09T17:26:06 IST" skipped="0">
  <testcase classname="com.ninjademo.qa.tests.LoginPageTest" name="loginInvalidCredentials" time="29.575"/>
  <system-out/>
  <testcase classname="com.ninjademo.qa.tests.LoginPageTest" name="forgetpasswordtest" time="5.754"/>
  <system-out/>
  <testcase classname="com.ninjademo.qa.tests.LoginPageTest" name="loginValidCredentials" time="6.695"/>
  <system-out/>
</testsuite> <!-- com.ninjademo.qa.tests.LoginPageTest -->
